<?xml version="1.0" encoding="UTF-8"?>
<!-- Generated by org.testng.reporters.JUnitReportReporter -->
<testsuite name="RadioButtonHandling" tests="1" time="12.495" ignored="0" failures="0" timestamp="22 May 2019 19:11:40 GMT" skipped="0" hostname="Gunu-PC" errors="0">
  <testcase name="handleRadioButtons" time="12.495" classname="RadioButtonHandling"/>
</testsuite> <!-- RadioButtonHandling -->
