<?xml version="1.0" encoding="UTF-8"?>
<!-- Generated by org.testng.reporters.JUnitReportReporter -->
<testsuite name="ImplicitWait" tests="1" time="17.593" ignored="0" failures="0" timestamp="25 May 2019 15:34:10 GMT" skipped="0" hostname="Gunu-PC" errors="0">
  <testcase name="useImplicitWait" time="17.593" classname="ImplicitWait"/>
</testsuite> <!-- ImplicitWait -->
