<?xml version="1.0" encoding="UTF-8"?>
<!-- Generated by org.testng.reporters.JUnitReportReporter -->
<testsuite name="FluentWaitTutorial" tests="1" time="23.228" ignored="0" failures="0" timestamp="25 May 2019 18:47:46 GMT" skipped="0" hostname="Gunu-PC" errors="0">
  <testcase name="useFluentWait" time="23.228" classname="FluentWaitTutorial"/>
</testsuite> <!-- FluentWaitTutorial -->
