<?xml version="1.0" encoding="UTF-8"?>
<!-- Generated by org.testng.reporters.JUnitReportReporter -->
<testsuite name="MouseHoverTutorial" tests="1" time="16.986" ignored="0" failures="0" timestamp="28 May 2019 11:01:39 GMT" skipped="0" hostname="Gunu-PC" errors="0">
  <testcase name="HoverOnElementTest" time="16.986" classname="MouseHoverTutorial"/>
</testsuite> <!-- MouseHoverTutorial -->
