<?xml version="1.0" encoding="UTF-8"?>
<!-- Generated by org.testng.reporters.JUnitReportReporter -->
<testsuite name="SelectDropDownFacebook" tests="1" time="53.088" ignored="0" failures="0" timestamp="22 May 2019 11:46:02 GMT" skipped="0" hostname="Gunu-PC" errors="0">
  <testcase name="selectDropDownValues" time="53.088" classname="SelectDropDownFacebook"/>
</testsuite> <!-- SelectDropDownFacebook -->
