<?xml version="1.0" encoding="UTF-8"?>
<!-- Generated by org.testng.reporters.JUnitReportReporter -->
<testsuite name="test.SkippingTest" tests="1" time="0.013" ignored="0" failures="0" timestamp="13 Jun 2019 13:58:29 GMT" skipped="1" hostname="Gunu-PC" errors="0">
  <testcase name="testskip" time="0.013" classname="test.SkippingTest">
    <skipped/>
  </testcase> <!-- testskip -->
</testsuite> <!-- test.SkippingTest -->
