<?xml version="1.0" encoding="UTF-8"?>
<!-- Generated by org.testng.reporters.JUnitReportReporter -->
<testsuite name="ConfigurationDemo.TestSeleniumBlog" tests="1" time="0.023" ignored="0" failures="0" timestamp="11 Mar 2017 12:50:46 GMT" skipped="0" hostname="Gunu-PC" errors="0">
  <testcase name="testConfig" time="0.023" classname="ConfigurationDemo.TestSeleniumBlog"/>
</testsuite> <!-- ConfigurationDemo.TestSeleniumBlog -->
