<?xml version="1.0" encoding="UTF-8"?>
<!-- Generated by org.testng.reporters.JUnitReportReporter -->
<testsuite name="test.SampleTest" tests="3" time="0.015" ignored="0" failures="0" timestamp="26 Feb 2017 18:24:51 GMT" skipped="0" hostname="Gunu-PC" errors="0">
  <testcase name="emptyCart" time="0.000" classname="test.SampleTest"/>
  <testcase name="checkProductAvailability" time="0.015" classname="test.SampleTest"/>
  <testcase name="testSellingProduct" time="0.000" classname="test.SampleTest"/>
</testsuite> <!-- test.SampleTest -->
