<?xml version="1.0" encoding="UTF-8"?>
<!-- Generated by org.testng.reporters.JUnitReportReporter -->
<testsuite name="WindowHandlesTutorial" tests="1" time="15.075" ignored="0" failures="0" timestamp="29 May 2019 13:14:56 GMT" skipped="0" hostname="Gunu-PC" errors="0">
  <testcase name="MultipleWindowsTest" time="15.075" classname="WindowHandlesTutorial"/>
</testsuite> <!-- WindowHandlesTutorial -->
