<?xml version="1.0" encoding="UTF-8"?>
<!-- Generated by org.testng.reporters.JUnitReportReporter -->
<testsuite name="waits.explicitWait" tests="1" time="31.250" ignored="0" failures="0" timestamp="07 Mar 2017 15:20:53 GMT" skipped="0" hostname="Gunu-PC" errors="0">
  <testcase name="explicitWaitTest" time="31.250" classname="waits.explicitWait"/>
</testsuite> <!-- waits.explicitWait -->
