<?xml version="1.0" encoding="UTF-8"?>
<!-- Generated by org.testng.reporters.JUnitReportReporter -->
<testsuite name="UntrustedCertificateTutorial" tests="2" time="13.710" ignored="0" failures="0" timestamp="29 May 2019 20:35:28 GMT" skipped="0" hostname="Gunu-PC" errors="0">
  <testcase name="handleUntrustedCertificate_ChromeTest" time="5.742" classname="UntrustedCertificateTutorial"/>
  <testcase name="handleUntrustedCertificate_FirefoxTest" time="7.968" classname="UntrustedCertificateTutorial"/>
</testsuite> <!-- UntrustedCertificateTutorial -->
