<?xml version="1.0" encoding="UTF-8"?>
<!-- Generated by org.testng.reporters.JUnitReportReporter -->
<testsuite name="com.wordpress.TestCases.VerifyWordpressLoginPF" tests="1" time="34.196" ignored="0" failures="0" timestamp="04 Jun 2019 08:57:08 GMT" skipped="0" hostname="Gunu-PC" errors="0">
  <testcase name="verifyValidLogin" time="34.196" classname="com.wordpress.TestCases.VerifyWordpressLoginPF"/>
</testsuite> <!-- com.wordpress.TestCases.VerifyWordpressLoginPF -->
