<?xml version="1.0" encoding="UTF-8"?>
<!-- Generated by org.testng.reporters.JUnitReportReporter -->
<testsuite name="MouseActionsTutorial" tests="4" time="47.111" ignored="0" failures="0" timestamp="05 Jun 2019 04:46:07 GMT" skipped="0" hostname="Gunu-PC" errors="0">
  <testcase name="DragAndDropElementTest" time="8.246" classname="MouseActionsTutorial"/>
  <testcase name="HoverOnElementTest" time="13.033" classname="MouseActionsTutorial"/>
  <testcase name="RightClickTest" time="9.480" classname="MouseActionsTutorial"/>
  <testcase name="DragAndDropElementAlternateTest" time="16.352" classname="MouseActionsTutorial"/>
</testsuite> <!-- MouseActionsTutorial -->
