<?xml version="1.0" encoding="UTF-8"?>
<!-- Generated by org.testng.reporters.JUnitReportReporter -->
<testsuite name="WindowsAuthentication" tests="1" time="23.681" ignored="0" failures="0" timestamp="02 Jun 2019 18:42:46 GMT" skipped="0" hostname="Gunu-PC" errors="0">
  <testcase name="windowAuthTest" time="23.681" classname="WindowsAuthentication"/>
</testsuite> <!-- WindowsAuthentication -->
