<?xml version="1.0" encoding="UTF-8"?>
<!-- Generated by org.testng.reporters.JUnitReportReporter -->
<testsuite name="TestNGTutorial" tests="11" time="6.218" ignored="0" failures="0" timestamp="11 Jun 2019 17:58:31 GMT" skipped="0" hostname="Gunu-PC" errors="0">
  <testcase name="f_method" time="0.002" classname="TestNGTutorial"/>
  <testcase name="a_method" time="0.001" classname="TestNGTutorial"/>
  <testcase name="e_method" time="0.013" classname="TestNGTutorial"/>
  <testcase name="g_method" time="0.006" classname="TestNGTutorial"/>
  <testcase name="i_method" time="5.040" classname="TestNGTutorial"/>
  <testcase name="parameters_method" time="1.140" classname="TestNGTutorial"/>
  <testcase name="g_method" time="0.004" classname="TestNGTutorial"/>
  <testcase name="d_method" time="0.002" classname="TestNGTutorial"/>
  <testcase name="b_method" time="0.004" classname="TestNGTutorial"/>
  <testcase name="g_method" time="0.003" classname="TestNGTutorial"/>
  <testcase name="c_method" time="0.003" classname="TestNGTutorial"/>
</testsuite> <!-- TestNGTutorial -->
