<?xml version="1.0" encoding="UTF-8"?>
<!-- Generated by org.testng.reporters.JUnitReportReporter -->
<testsuite name="AlertTutorial" tests="1" time="12.548" ignored="0" failures="0" timestamp="05 Jun 2019 04:46:07 GMT" skipped="0" hostname="Gunu-PC" errors="0">
  <testcase name="handleAlertTest" time="12.548" classname="AlertTutorial"/>
</testsuite> <!-- AlertTutorial -->
