<?xml version="1.0" encoding="UTF-8"?>
<!-- Generated by org.testng.reporters.JUnitReportReporter -->
<testsuite name="com.wordpress.TestCases.VerifyWordpressLogin" tests="1" time="14.270" ignored="0" failures="0" timestamp="30 May 2019 20:28:50 GMT" skipped="0" hostname="Gunu-PC" errors="0">
  <testcase name="verifyValidLogin" time="14.270" classname="com.wordpress.TestCases.VerifyWordpressLogin"/>
</testsuite> <!-- com.wordpress.TestCases.VerifyWordpressLogin -->
