<?xml version="1.0" encoding="UTF-8"?>
<!-- Generated by org.testng.reporters.JUnitReportReporter -->
<testsuite name="advanceReports.VerifySeleniumTitle" tests="2" time="0.440" ignored="0" failures="0" timestamp="05 Jun 2019 16:05:49 GMT" skipped="0" hostname="Gunu-PC" errors="0">
  <testcase name="verifyTitle" time="0.046" classname="advanceReports.VerifySeleniumTitle"/>
  <testcase name="extentTutorial" time="0.394" classname="advanceReports.VerifySeleniumTitle"/>
</testsuite> <!-- advanceReports.VerifySeleniumTitle -->
