<?xml version="1.0" encoding="UTF-8"?>
<!-- Generated by org.testng.reporters.JUnitReportReporter -->
<testsuite name="IframeTutorial" tests="1" time="12.079" ignored="0" failures="0" timestamp="27 May 2019 18:07:35 GMT" skipped="0" hostname="Gunu-PC" errors="0">
  <testcase name="iframeSwitch" time="12.079" classname="IframeTutorial"/>
</testsuite> <!-- IframeTutorial -->
