<?xml version="1.0" encoding="UTF-8"?>
<!-- Generated by org.testng.reporters.JUnitReportReporter -->
<testsuite name="baseClassTestNG.TestCase" tests="2" time="28.709" ignored="0" failures="0" timestamp="05 Jun 2019 04:40:43 GMT" skipped="0" hostname="Gunu-PC" errors="0">
  <testcase name="loginToApplication" time="14.157" classname="baseClassTestNG.TestCase"/>
  <testcase name="inValidloginToApplication" time="14.552" classname="baseClassTestNG.TestCase"/>
</testsuite> <!-- baseClassTestNG.TestCase -->
