<?xml version="1.0" encoding="UTF-8"?>
<!-- Generated by org.testng.reporters.JUnitReportReporter -->
<testsuite name="ScreenshotFacebook" tests="1" time="9.471" ignored="0" failures="0" timestamp="05 Jun 2019 16:29:23 GMT" skipped="0" hostname="Gunu-PC" errors="0">
  <testcase name="captureScreenshot" time="9.471" classname="ScreenshotFacebook"/>
</testsuite> <!-- ScreenshotFacebook -->
