<?xml version="1.0" encoding="UTF-8"?>
<!-- Generated by org.testng.reporters.JUnitReportReporter -->
<testsuite name="LoggerTutorial" tests="1" time="8.116" ignored="0" failures="0" timestamp="10 Jun 2019 08:55:01 GMT" skipped="0" hostname="Gunu-PC" errors="0">
  <testcase name="LoggerTest" time="8.116" classname="LoggerTutorial"/>
</testsuite> <!-- LoggerTutorial -->
